<?xml version="1.0" encoding="UTF-8"?>
<!-- Generated by org.testng.reporters.JUnitReportReporter -->
<testsuite hostname="phani" name="ORHM.OrangeHRM.tests.LoginPage" tests="1" failures="0" timestamp="4 Feb 2021 08:00:48 GMT" time="0.046" errors="0">
  <testcase name="f" time="0.046" classname="ORHM.OrangeHRM.tests.LoginPage"/>
</testsuite> <!-- ORHM.OrangeHRM.tests.LoginPage -->
